f:\sheridan\fall term\computer graphics and animation\assignments\exercise 4\assignment 2\assignment 2\debug\vc141.pdb
f:\sheridan\fall term\computer graphics and animation\assignments\exercise 4\assignment 2\assignment 2\debug\vc141.idb
f:\sheridan\fall term\computer graphics and animation\assignments\exercise 4\assignment 2\assignment 2\debug\window.obj
f:\sheridan\fall term\computer graphics and animation\assignments\exercise 4\assignment 2\assignment 2\debug\time.obj
f:\sheridan\fall term\computer graphics and animation\assignments\exercise 4\assignment 2\assignment 2\debug\texture.obj
f:\sheridan\fall term\computer graphics and animation\assignments\exercise 4\assignment 2\assignment 2\debug\skybox.obj
f:\sheridan\fall term\computer graphics and animation\assignments\exercise 4\assignment 2\assignment 2\debug\shader.obj
f:\sheridan\fall term\computer graphics and animation\assignments\exercise 4\assignment 2\assignment 2\debug\scene.obj
f:\sheridan\fall term\computer graphics and animation\assignments\exercise 4\assignment 2\assignment 2\debug\pointlight.obj
f:\sheridan\fall term\computer graphics and animation\assignments\exercise 4\assignment 2\assignment 2\debug\mesh.obj
f:\sheridan\fall term\computer graphics and animation\assignments\exercise 4\assignment 2\assignment 2\debug\material.obj
f:\sheridan\fall term\computer graphics and animation\assignments\exercise 4\assignment 2\assignment 2\debug\main.obj
f:\sheridan\fall term\computer graphics and animation\assignments\exercise 4\assignment 2\assignment 2\debug\camera.obj
f:\sheridan\fall term\computer graphics and animation\assignments\exercise 4\assignment 2\debug\assignment 2.ilk
f:\sheridan\fall term\computer graphics and animation\assignments\exercise 4\assignment 2\debug\assignment 2.exe
f:\sheridan\fall term\computer graphics and animation\assignments\exercise 4\assignment 2\debug\assignment 2.pdb
f:\sheridan\fall term\computer graphics and animation\assignments\exercise 4\assignment 2\assignment 2\debug\assignment 2.tlog\cl.read.1.tlog
f:\sheridan\fall term\computer graphics and animation\assignments\exercise 4\assignment 2\assignment 2\debug\assignment 2.tlog\cl.write.1.tlog
f:\sheridan\fall term\computer graphics and animation\assignments\exercise 4\assignment 2\assignment 2\debug\assignment 2.tlog\cl.command.1.tlog
f:\sheridan\fall term\computer graphics and animation\assignments\exercise 4\assignment 2\assignment 2\debug\assignment 2.tlog\link.read.1.tlog
f:\sheridan\fall term\computer graphics and animation\assignments\exercise 4\assignment 2\assignment 2\debug\assignment 2.tlog\link.write.1.tlog
f:\sheridan\fall term\computer graphics and animation\assignments\exercise 4\assignment 2\assignment 2\debug\assignment 2.tlog\link.command.1.tlog
